Log file open, 12/18/22 13:18:09
LogWindows: Failed to load 'aqProf.dll' (GetLastError=126)
LogWindows: File 'aqProf.dll' does not exist
LogWindows: Failed to load 'VtuneApi.dll' (GetLastError=126)
LogWindows: File 'VtuneApi.dll' does not exist
LogWindows: Failed to load 'VtuneApi32e.dll' (GetLastError=126)
LogWindows: File 'VtuneApi32e.dll' does not exist
LogConsoleResponse: Display: Failed to find resolution value strings in scalability ini. Falling back to default.
LogConsoleResponse: Display: Failed to find resolution value strings in scalability ini. Falling back to default.
LogInit: Display: Running engine for game: Run1
LogPlatformFile: Not using cached read wrapper
LogTaskGraph: Started task graph with 5 named threads and 26 total threads with 3 sets of task threads.
LogStats: Stats thread started at 0.616802
LogICUInternationalization: ICU TimeZone Detection - Raw Offset: +3:00, Platform Override: ''
LogInit: Display: Loading text-based GConfig....
LogPluginManager: Mounting plugin MeshPainting
LogPluginManager: Mounting plugin XGEController
LogPluginManager: Mounting plugin Paper2D
LogPluginManager: Mounting plugin AISupport
LogPluginManager: Mounting plugin EnvironmentQueryEditor
LogPluginManager: Mounting plugin LightPropagationVolume
LogPluginManager: Mounting plugin LiveLink
LogPluginManager: Mounting plugin CameraShakePreviewer
LogPluginManager: Mounting plugin GameplayCameras
LogPluginManager: Mounting plugin OodleData
LogPluginManager: Mounting plugin AnimationSharing
LogPluginManager: Mounting plugin OodleNetwork
LogPluginManager: Mounting plugin AssetManagerEditor
LogPluginManager: Mounting plugin CryptoKeys
LogPluginManager: Mounting plugin CurveEditorTools
LogPluginManager: Mounting plugin FacialAnimation
LogPluginManager: Mounting plugin DataValidation
LogPluginManager: Mounting plugin GameplayTagsEditor
LogPluginManager: Mounting plugin GeometryMode
LogPluginManager: Mounting plugin MacGraphicsSwitching
LogPluginManager: Mounting plugin MaterialAnalyzer
LogPluginManager: Mounting plugin MobileLauncherProfileWizard
LogPluginManager: Mounting plugin PluginBrowser
LogPluginManager: Mounting plugin SpeedTreeImporter
LogPluginManager: Mounting plugin CLionSourceCodeAccess
LogPluginManager: Mounting plugin CodeLiteSourceCodeAccess
LogPluginManager: Mounting plugin GitSourceControl
LogPluginManager: Mounting plugin KDevelopSourceCodeAccess
LogPluginManager: Mounting plugin NullSourceCodeAccess
LogPluginManager: Mounting plugin PerforceSourceControl
LogPluginManager: Mounting plugin PixWinPlugin
LogPluginManager: Mounting plugin PlasticSourceControl
LogPluginManager: Mounting plugin PluginUtils
LogPluginManager: Mounting plugin PropertyAccessNode
LogPluginManager: Mounting plugin RiderSourceCodeAccess
LogPluginManager: Mounting plugin SubversionSourceControl
LogPluginManager: Mounting plugin TextureFormatOodle
LogPluginManager: Mounting plugin UObjectPlugin
LogPluginManager: Mounting plugin VisualStudioCodeSourceCodeAccess
LogPluginManager: Mounting plugin VisualStudioSourceCodeAccess
LogPluginManager: Mounting plugin XCodeSourceCodeAccess
LogPluginManager: Mounting plugin DatasmithContent
LogPluginManager: Mounting plugin VariantManagerContent
LogPluginManager: Mounting plugin Niagara
LogPluginManager: Mounting plugin LuminPlatformFeatures
LogPluginManager: Mounting plugin MagicLeap
LogPluginManager: Mounting plugin MagicLeapLightEstimation
LogPluginManager: Mounting plugin MagicLeapMedia
LogPluginManager: Mounting plugin MagicLeapPassableWorld
LogPluginManager: Mounting plugin MLSDK
LogPluginManager: Mounting plugin AlembicImporter
LogPluginManager: Mounting plugin AutomationUtils
LogPluginManager: Mounting plugin BackChannel
LogPluginManager: Mounting plugin ChaosCloth
LogPluginManager: Mounting plugin ChaosClothEditor
LogPluginManager: Mounting plugin ChaosEditor
LogPluginManager: Mounting plugin ChaosNiagara
LogPluginManager: Mounting plugin ChaosSolverPlugin
LogPluginManager: Mounting plugin CharacterAI
LogPluginManager: Mounting plugin UdpMessaging
LogPluginManager: Mounting plugin TcpMessaging
LogPluginManager: Mounting plugin GeometryCache
LogPluginManager: Mounting plugin GeometryCollectionPlugin
LogPluginManager: Mounting plugin GeometryProcessing
LogPluginManager: Mounting plugin OpenImageDenoise
LogPluginManager: Mounting plugin MotoSynth
LogPluginManager: Mounting plugin PlanarCut
LogPluginManager: Mounting plugin PlatformCrypto
LogPluginManager: Mounting plugin ProxyLODPlugin
LogPluginManager: Mounting plugin PythonScriptPlugin
LogPluginManager: Mounting plugin SkeletalReduction
LogPluginManager: Mounting plugin ActorSequence
LogPluginManager: Mounting plugin LevelSequenceEditor
LogPluginManager: Mounting plugin MatineeToLevelSequence
LogPluginManager: Mounting plugin TemplateSequence
LogPluginManager: Mounting plugin OnlineSubsystem
LogPluginManager: Mounting plugin OnlineSubsystemNull
LogPluginManager: Mounting plugin AndroidMedia
LogPluginManager: Mounting plugin AvfMedia
LogPluginManager: Mounting plugin OnlineSubsystemUtils
LogPluginManager: Mounting plugin LauncherChunkInstaller
LogPluginManager: Mounting plugin ImgMedia
LogPluginManager: Mounting plugin MediaCompositing
LogPluginManager: Mounting plugin MediaPlayerEditor
LogPluginManager: Mounting plugin WebMMedia
LogPluginManager: Mounting plugin ActorLayerUtilities
LogPluginManager: Mounting plugin WmfMedia
LogPluginManager: Mounting plugin AndroidDeviceProfileSelector
LogPluginManager: Mounting plugin AndroidMoviePlayer
LogPluginManager: Mounting plugin AndroidPermission
LogPluginManager: Mounting plugin AppleImageUtils
LogPluginManager: Mounting plugin AppleMoviePlayer
LogPluginManager: Mounting plugin ArchVisCharacter
LogPluginManager: Mounting plugin AssetTags
LogPluginManager: Mounting plugin AudioCapture
LogPluginManager: Mounting plugin CableComponent
LogPluginManager: Mounting plugin AudioSynesthesia
LogPluginManager: Mounting plugin ChunkDownloader
LogPluginManager: Mounting plugin CustomMeshComponent
LogPluginManager: Mounting plugin EditableMesh
LogPluginManager: Mounting plugin ExampleDeviceProfileSelector
LogPluginManager: Mounting plugin GoogleCloudMessaging
LogPluginManager: Mounting plugin GooglePAD
LogPluginManager: Mounting plugin IOSDeviceProfileSelector
LogPluginManager: Mounting plugin LinuxDeviceProfileSelector
LogPluginManager: Mounting plugin LocationServicesBPLibrary
LogPluginManager: Mounting plugin MobilePatchingUtils
LogPluginManager: Mounting plugin OpenXR
LogPluginManager: Mounting plugin OpenXREyeTracker
LogPluginManager: Mounting plugin OpenXRHandTracking
LogPluginManager: Mounting plugin PhysXVehicles
LogPluginManager: Mounting plugin ScreenshotTools
LogPluginManager: Mounting plugin PostSplashScreen
LogPluginManager: Mounting plugin ProceduralMeshComponent
LogPluginManager: Mounting plugin PropertyAccessEditor
LogPluginManager: Mounting plugin RuntimePhysXCooking
LogPluginManager: Mounting plugin SignificanceManager
LogPluginManager: Mounting plugin SoundFields
LogPluginManager: Mounting plugin Synthesis
LogPluginManager: Mounting plugin WebMMoviePlayer
LogPluginManager: Mounting plugin WindowsMoviePlayer
LogPluginManager: Mounting plugin Takes
LogPluginManager: Mounting plugin ContentBrowserAssetDataSource
LogPluginManager: Mounting plugin ContentBrowserClassDataSource
LogPluginManager: Mounting plugin ContentBrowserFileDataSource
LogPluginManager: Mounting plugin OnlineSubsystemGooglePlay
LogPluginManager: Mounting plugin OnlineSubsystemIOS
LogPluginManager: Mounting plugin OculusVR
LogPluginManager: Mounting plugin SteamVR
PixWinPlugin: PIX capture plugin failed to initialize! Check that the process is launched from PIX.
LogInit: Using libcurl 7.55.1-DEV
LogInit:  - built for x86_64-pc-win32
LogInit:  - supports SSL with OpenSSL/1.1.1
LogInit:  - supports HTTP deflate (compression) using libz 1.2.8
LogInit:  - other features:
LogInit:      CURL_VERSION_SSL
LogInit:      CURL_VERSION_LIBZ
LogInit:      CURL_VERSION_IPV6
LogInit:      CURL_VERSION_ASYNCHDNS
LogInit:      CURL_VERSION_LARGEFILE
LogInit:      CURL_VERSION_IDN
LogInit:  CurlRequestOptions (configurable via config and command line):
LogInit:  - bVerifyPeer = true  - Libcurl will verify peer certificate
LogInit:  - bUseHttpProxy = false  - Libcurl will NOT use HTTP proxy
LogInit:  - bDontReuseConnections = false  - Libcurl will reuse connections
LogInit:  - MaxHostConnections = 16  - Libcurl will limit the number of connections to a host
LogInit:  - LocalHostAddr = Default
LogInit:  - BufferSize = 65536
LogOnline: OSS: Creating online subsystem instance for: NULL
LogInit: WinSock: version 1.1 (2.2), MaxSocks=32767, MaxUdp=65467
LogOnline: OSS: TryLoadSubsystemAndSetDefault: Loaded subsystem for module [NULL]
LogOculusPluginWrapper: OculusPlugin initialized successfully
LogHMD: Failed initializing OVRPlugin 1.59.0
LogInit: Build: ++UE4+Release-4.27-CL-18319896
LogInit: Engine Version: 4.27.2-18319896+++UE4+Release-4.27
LogInit: Compatible Engine Version: 4.27.0-17155196+++UE4+Release-4.27
LogInit: Net CL: 17155196
LogInit: OS: Windows 10 (Release 2009) (), CPU: Intel(R) Core(TM) i7-9700 CPU @ 3.00GHz, GPU: NVIDIA GeForce GTX 1660
LogInit: Compiled (64-bit): Nov 30 2021 07:12:08
LogInit: Compiled with Visual C++: 19.24.28315.00
LogInit: Build Configuration: Development
LogInit: Branch Name: ++UE4+Release-4.27
LogInit: Command Line: 
LogInit: Base Directory: D:/Program Files/Epic Games/UE_4.27/Engine/Binaries/Win64/
LogInit: Allocator: TBB
LogInit: Installed Engine Build: 1
LogDevObjectVersion: Number of dev versions registered: 29
LogDevObjectVersion:   Dev-Blueprints (B0D832E4-1F89-4F0D-ACCF-7EB736FD4AA2): 10
LogDevObjectVersion:   Dev-Build (E1C64328-A22C-4D53-A36C-8E866417BD8C): 0
LogDevObjectVersion:   Dev-Core (375EC13C-06E4-48FB-B500-84F0262A717E): 4
LogDevObjectVersion:   Dev-Editor (E4B068ED-F494-42E9-A231-DA0B2E46BB41): 40
LogDevObjectVersion:   Dev-Framework (CFFC743F-43B0-4480-9391-14DF171D2073): 37
LogDevObjectVersion:   Dev-Mobile (B02B49B5-BB20-44E9-A304-32B752E40360): 3
LogDevObjectVersion:   Dev-Networking (A4E4105C-59A1-49B5-A7C5-40C4547EDFEE): 0
LogDevObjectVersion:   Dev-Online (39C831C9-5AE6-47DC-9A44-9C173E1C8E7C): 0
LogDevObjectVersion:   Dev-Physics (78F01B33-EBEA-4F98-B9B4-84EACCB95AA2): 14
LogDevObjectVersion:   Dev-Platform (6631380F-2D4D-43E0-8009-CF276956A95A): 0
LogDevObjectVersion:   Dev-Rendering (12F88B9F-8875-4AFC-A67C-D90C383ABD29): 45
LogDevObjectVersion:   Dev-Sequencer (7B5AE74C-D270-4C10-A958-57980B212A5A): 13
LogDevObjectVersion:   Dev-VR (D7296918-1DD6-4BDD-9DE2-64A83CC13884): 3
LogDevObjectVersion:   Dev-LoadTimes (C2A15278-BFE7-4AFE-6C17-90FF531DF755): 1
LogDevObjectVersion:   Private-Geometry (6EACA3D4-40EC-4CC1-B786-8BED09428FC5): 3
LogDevObjectVersion:   Dev-AnimPhys (29E575DD-E0A3-4627-9D10-D276232CDCEA): 17
LogDevObjectVersion:   Dev-Anim (AF43A65D-7FD3-4947-9873-3E8ED9C1BB05): 15
LogDevObjectVersion:   Dev-ReflectionCapture (6B266CEC-1EC7-4B8F-A30B-E4D90942FC07): 1
LogDevObjectVersion:   Dev-Automation (0DF73D61-A23F-47EA-B727-89E90C41499A): 1
LogDevObjectVersion:   FortniteMain (601D1886-AC64-4F84-AA16-D3DE0DEAC7D6): 47
LogDevObjectVersion:   FortniteRelease (E7086368-6B23-4C58-8439-1B7016265E91): 1
LogDevObjectVersion:   Dev-Enterprise (9DFFBCD6-494F-0158-E221-12823C92A888): 10
LogDevObjectVersion:   Dev-Niagara (F2AED0AC-9AFE-416F-8664-AA7FFA26D6FC): 1
LogDevObjectVersion:   Dev-Destruction (174F1F0B-B4C6-45A5-B13F-2EE8D0FB917D): 10
LogDevObjectVersion:   Dev-Physics-Ext (35F94A83-E258-406C-A318-09F59610247C): 41
LogDevObjectVersion:   Dev-PhysicsMaterial-Chaos (B68FC16E-8B1B-42E2-B453-215C058844FE): 1
LogDevObjectVersion:   Dev-CineCamera (B2E18506-4273-CFC2-A54E-F4BB758BBA07): 1
LogDevObjectVersion:   Dev-VirtualProduction (64F58936-FD1B-42BA-BA96-7289D5D0FA4E): 1
LogDevObjectVersion:   Dev-MediaFramework (6F0ED827-A609-4895-9C91-998D90180EA4): 2
LogInit: Presizing for max 25165824 objects, including 0 objects not considered by GC, pre-allocating 0 bytes for permanent pool.
LogConfig: Applying CVar settings from Section [/Script/Engine.StreamingSettings] File [D:/Program Files (x86)/github/-Prosto-ranner_Sosnin_Kochetkova/to shto nujno/Saved/Config/Windows/Engine.ini]
LogConfig: Setting CVar [[s.MinBulkDataSizeForAsyncLoading:131072]]
LogConfig: Setting CVar [[s.AsyncLoadingThreadEnabled:0]]
LogConfig: Setting CVar [[s.EventDrivenLoaderEnabled:1]]
LogConfig: Setting CVar [[s.WarnIfTimeLimitExceeded:0]]
LogConfig: Setting CVar [[s.TimeLimitExceededMultiplier:1.5]]
LogConfig: Setting CVar [[s.TimeLimitExceededMinTime:0.005]]
LogConfig: Setting CVar [[s.UseBackgroundLevelStreaming:1]]
LogConfig: Setting CVar [[s.PriorityAsyncLoadingExtraTime:15.0]]
LogConfig: Setting CVar [[s.LevelStreamingActorsUpdateTimeLimit:5.0]]
LogConfig: Setting CVar [[s.PriorityLevelStreamingActorsUpdateExtraTime:5.0]]
LogConfig: Setting CVar [[s.LevelStreamingComponentsRegistrationGranularity:10]]
LogConfig: Setting CVar [[s.UnregisterComponentsTimeLimit:1.0]]
LogConfig: Setting CVar [[s.LevelStreamingComponentsUnregistrationGranularity:5]]
LogConfig: Setting CVar [[s.FlushStreamingOnExit:1]]
LogInit: Object subsystem initialized
LogConfig: Setting CVar [[con.DebugEarlyDefault:1]]
LogConfig: Setting CVar [[r.setres:1280x720]]
[2022.12.18-10.18.12:350][  0]LogConfig: Setting CVar [[r.VSync:0]]
[2022.12.18-10.18.12:350][  0]LogConfig: Setting CVar [[r.RHICmdBypass:0]]
[2022.12.18-10.18.12:350][  0]LogConfig: Applying CVar settings from Section [/Script/Engine.RendererSettings] File [D:/Program Files (x86)/github/-Prosto-ranner_Sosnin_Kochetkova/to shto nujno/Saved/Config/Windows/Engine.ini]
[2022.12.18-10.18.12:350][  0]LogConfig: Setting CVar [[r.GPUCrashDebugging:0]]
[2022.12.18-10.18.12:350][  0]LogConfig: Applying CVar settings from Section [/Script/Engine.RendererOverrideSettings] File [D:/Program Files (x86)/github/-Prosto-ranner_Sosnin_Kochetkova/to shto nujno/Saved/Config/Windows/Engine.ini]
[2022.12.18-10.18.12:350][  0]LogConfig: Applying CVar settings from Section [/Script/Engine.StreamingSettings] File [D:/Program Files (x86)/github/-Prosto-ranner_Sosnin_Kochetkova/to shto nujno/Saved/Config/Windows/Engine.ini]
[2022.12.18-10.18.12:350][  0]LogConfig: Setting CVar [[s.MinBulkDataSizeForAsyncLoading:131072]]
[2022.12.18-10.18.12:350][  0]LogConfig: Setting CVar [[s.AsyncLoadingThreadEnabled:0]]
[2022.12.18-10.18.12:350][  0]LogConfig: Setting CVar [[s.EventDrivenLoaderEnabled:1]]
[2022.12.18-10.18.12:350][  0]LogConfig: Setting CVar [[s.WarnIfTimeLimitExceeded:0]]
[2022.12.18-10.18.12:350][  0]LogConfig: Setting CVar [[s.TimeLimitExceededMultiplier:1.5]]
[2022.12.18-10.18.12:350][  0]LogConfig: Setting CVar [[s.TimeLimitExceededMinTime:0.005]]
[2022.12.18-10.18.12:350][  0]LogConfig: Setting CVar [[s.UseBackgroundLevelStreaming:1]]
[2022.12.18-10.18.12:350][  0]LogConfig: Setting CVar [[s.PriorityAsyncLoadingExtraTime:15.0]]
[2022.12.18-10.18.12:350][  0]LogConfig: Setting CVar [[s.LevelStreamingActorsUpdateTimeLimit:5.0]]
[2022.12.18-10.18.12:350][  0]LogConfig: Setting CVar [[s.PriorityLevelStreamingActorsUpdateExtraTime:5.0]]
[2022.12.18-10.18.12:350][  0]LogConfig: Setting CVar [[s.LevelStreamingComponentsRegistrationGranularity:10]]
[2022.12.18-10.18.12:350][  0]LogConfig: Setting CVar [[s.UnregisterComponentsTimeLimit:1.0]]
[2022.12.18-10.18.12:350][  0]LogConfig: Setting CVar [[s.LevelStreamingComponentsUnregistrationGranularity:5]]
[2022.12.18-10.18.12:350][  0]LogConfig: Setting CVar [[s.FlushStreamingOnExit:1]]
[2022.12.18-10.18.12:350][  0]LogConfig: Applying CVar settings from Section [/Script/Engine.GarbageCollectionSettings] File [D:/Program Files (x86)/github/-Prosto-ranner_Sosnin_Kochetkova/to shto nujno/Saved/Config/Windows/Engine.ini]
[2022.12.18-10.18.12:350][  0]LogConfig: Setting CVar [[gc.MaxObjectsNotConsideredByGC:1]]
[2022.12.18-10.18.12:350][  0]LogConfig: Setting CVar [[gc.SizeOfPermanentObjectPool:0]]
[2022.12.18-10.18.12:350][  0]LogConfig: Setting CVar [[gc.FlushStreamingOnGC:0]]
[2022.12.18-10.18.12:350][  0]LogConfig: Setting CVar [[gc.NumRetriesBeforeForcingGC:10]]
[2022.12.18-10.18.12:350][  0]LogConfig: Setting CVar [[gc.AllowParallelGC:1]]
[2022.12.18-10.18.12:350][  0]LogConfig: Setting CVar [[gc.TimeBetweenPurgingPendingKillObjects:61.1]]
[2022.12.18-10.18.12:350][  0]LogConfig: Setting CVar [[gc.MaxObjectsInEditor:25165824]]
[2022.12.18-10.18.12:350][  0]LogConfig: Setting CVar [[gc.IncrementalBeginDestroyEnabled:1]]
[2022.12.18-10.18.12:350][  0]LogConfig: Setting CVar [[gc.CreateGCClusters:1]]
[2022.12.18-10.18.12:351][  0]LogConfig: Setting CVar [[gc.MinGCClusterSize:5]]
[2022.12.18-10.18.12:351][  0]LogConfig: Setting CVar [[gc.ActorClusteringEnabled:0]]
[2022.12.18-10.18.12:351][  0]LogConfig: Setting CVar [[gc.BlueprintClusteringEnabled:0]]
[2022.12.18-10.18.12:351][  0]LogConfig: Setting CVar [[gc.UseDisregardForGCOnDedicatedServers:0]]
[2022.12.18-10.18.12:351][  0]LogConfig: Setting CVar [[gc.MultithreadedDestructionEnabled:1]]
[2022.12.18-10.18.12:351][  0]LogConfig: Applying CVar settings from Section [/Script/Engine.NetworkSettings] File [D:/Program Files (x86)/github/-Prosto-ranner_Sosnin_Kochetkova/to shto nujno/Saved/Config/Windows/Engine.ini]
[2022.12.18-10.18.12:351][  0]LogConfig: Applying CVar settings from Section [/Script/UnrealEd.CookerSettings] File [D:/Program Files (x86)/github/-Prosto-ranner_Sosnin_Kochetkova/to shto nujno/Saved/Config/Windows/Engine.ini]
[2022.12.18-10.18.12:363][  0]LogConfig: Applying CVar settings from Section [ViewDistanceQuality@3] File [D:/Program Files (x86)/github/-Prosto-ranner_Sosnin_Kochetkova/to shto nujno/Saved/Config/Windows/Scalability.ini]
[2022.12.18-10.18.12:363][  0]LogConfig: Setting CVar [[r.SkeletalMeshLODBias:0]]
[2022.12.18-10.18.12:363][  0]LogConfig: Setting CVar [[r.ViewDistanceScale:1.0]]
[2022.12.18-10.18.12:363][  0]LogConfig: Applying CVar settings from Section [AntiAliasingQuality@3] File [D:/Program Files (x86)/github/-Prosto-ranner_Sosnin_Kochetkova/to shto nujno/Saved/Config/Windows/Scalability.ini]
[2022.12.18-10.18.12:363][  0]LogConfig: Setting CVar [[r.PostProcessAAQuality:4]]
[2022.12.18-10.18.12:363][  0]LogConfig: Applying CVar settings from Section [ShadowQuality@3] File [D:/Program Files (x86)/github/-Prosto-ranner_Sosnin_Kochetkova/to shto nujno/Saved/Config/Windows/Scalability.ini]
[2022.12.18-10.18.12:363][  0]LogConfig: Setting CVar [[r.LightFunctionQuality:1]]
[2022.12.18-10.18.12:363][  0]LogConfig: Setting CVar [[r.ShadowQuality:5]]
[2022.12.18-10.18.12:363][  0]LogConfig: Setting CVar [[r.Shadow.CSM.MaxCascades:10]]
[2022.12.18-10.18.12:363][  0]LogConfig: Setting CVar [[r.Shadow.MaxResolution:2048]]
[2022.12.18-10.18.12:363][  0]LogConfig: Setting CVar [[r.Shadow.MaxCSMResolution:2048]]
[2022.12.18-10.18.12:363][  0]LogConfig: Setting CVar [[r.Shadow.RadiusThreshold:0.01]]
[2022.12.18-10.18.12:363][  0]LogConfig: Setting CVar [[r.Shadow.DistanceScale:1.0]]
[2022.12.18-10.18.12:363][  0]LogConfig: Setting CVar [[r.Shadow.CSM.TransitionScale:1.0]]
[2022.12.18-10.18.12:363][  0]LogConfig: Setting CVar [[r.Shadow.PreShadowResolutionFactor:1.0]]
[2022.12.18-10.18.12:363][  0]LogConfig: Setting CVar [[r.DistanceFieldShadowing:1]]
[2022.12.18-10.18.12:363][  0]LogConfig: Setting CVar [[r.DistanceFieldAO:1]]
[2022.12.18-10.18.12:363][  0]LogConfig: Setting CVar [[r.AOQuality:2]]
[2022.12.18-10.18.12:363][  0]LogConfig: Setting CVar [[r.VolumetricFog:1]]
[2022.12.18-10.18.12:363][  0]LogConfig: Setting CVar [[r.VolumetricFog.GridPixelSize:8]]
[2022.12.18-10.18.12:363][  0]LogConfig: Setting CVar [[r.VolumetricFog.GridSizeZ:128]]
[2022.12.18-10.18.12:363][  0]LogConfig: Setting CVar [[r.VolumetricFog.HistoryMissSupersampleCount:4]]
[2022.12.18-10.18.12:363][  0]LogConfig: Setting CVar [[r.LightMaxDrawDistanceScale:1]]
[2022.12.18-10.18.12:364][  0]LogConfig: Setting CVar [[r.CapsuleShadows:1]]
[2022.12.18-10.18.12:364][  0]LogConfig: Applying CVar settings from Section [PostProcessQuality@3] File [D:/Program Files (x86)/github/-Prosto-ranner_Sosnin_Kochetkova/to shto nujno/Saved/Config/Windows/Scalability.ini]
[2022.12.18-10.18.12:364][  0]LogConfig: Setting CVar [[r.MotionBlurQuality:4]]
[2022.12.18-10.18.12:364][  0]LogConfig: Setting CVar [[r.AmbientOcclusionMipLevelFactor:0.4]]
[2022.12.18-10.18.12:364][  0]LogConfig: Setting CVar [[r.AmbientOcclusionMaxQuality:100]]
[2022.12.18-10.18.12:364][  0]LogConfig: Setting CVar [[r.AmbientOcclusionLevels:-1]]
[2022.12.18-10.18.12:364][  0]LogConfig: Setting CVar [[r.AmbientOcclusionRadiusScale:1.0]]
[2022.12.18-10.18.12:364][  0]LogConfig: Setting CVar [[r.DepthOfFieldQuality:2]]
[2022.12.18-10.18.12:364][  0]LogConfig: Setting CVar [[r.RenderTargetPoolMin:400]]
[2022.12.18-10.18.12:364][  0]LogConfig: Setting CVar [[r.LensFlareQuality:2]]
[2022.12.18-10.18.12:364][  0]LogConfig: Setting CVar [[r.SceneColorFringeQuality:1]]
[2022.12.18-10.18.12:364][  0]LogConfig: Setting CVar [[r.EyeAdaptationQuality:2]]
[2022.12.18-10.18.12:364][  0]LogConfig: Setting CVar [[r.BloomQuality:5]]
[2022.12.18-10.18.12:364][  0]LogConfig: Setting CVar [[r.FastBlurThreshold:100]]
[2022.12.18-10.18.12:364][  0]LogConfig: Setting CVar [[r.Upscale.Quality:3]]
[2022.12.18-10.18.12:364][  0]LogConfig: Setting CVar [[r.Tonemapper.GrainQuantization:1]]
[2022.12.18-10.18.12:364][  0]LogConfig: Setting CVar [[r.LightShaftQuality:1]]
[2022.12.18-10.18.12:364][  0]LogConfig: Setting CVar [[r.Filter.SizeScale:1]]
[2022.12.18-10.18.12:364][  0]LogConfig: Setting CVar [[r.Tonemapper.Quality:5]]
[2022.12.18-10.18.12:364][  0]LogConfig: Setting CVar [[r.DOF.Gather.AccumulatorQuality:1        ; higher gathering accumulator quality]]
[2022.12.18-10.18.12:364][  0]LogConfig: Setting CVar [[r.DOF.Gather.PostfilterMethod:1          ; Median3x3 postfilering method]]
[2022.12.18-10.18.12:364][  0]LogConfig: Setting CVar [[r.DOF.Gather.EnableBokehSettings:0       ; no bokeh simulation when gathering]]
[2022.12.18-10.18.12:364][  0]LogConfig: Setting CVar [[r.DOF.Gather.RingCount:4                 ; medium number of samples when gathering]]
[2022.12.18-10.18.12:364][  0]LogConfig: Setting CVar [[r.DOF.Scatter.ForegroundCompositing:1    ; additive foreground scattering]]
[2022.12.18-10.18.12:364][  0]LogConfig: Setting CVar [[r.DOF.Scatter.BackgroundCompositing:2    ; additive background scattering]]
[2022.12.18-10.18.12:364][  0]LogConfig: Setting CVar [[r.DOF.Scatter.EnableBokehSettings:1      ; bokeh simulation when scattering]]
[2022.12.18-10.18.12:364][  0]LogConfig: Setting CVar [[r.DOF.Scatter.MaxSpriteRatio:0.1         ; only a maximum of 10% of scattered bokeh]]
[2022.12.18-10.18.12:364][  0]LogConfig: Setting CVar [[r.DOF.Recombine.Quality:1                ; cheap slight out of focus]]
[2022.12.18-10.18.12:364][  0]LogConfig: Setting CVar [[r.DOF.Recombine.EnableBokehSettings:0    ; no bokeh simulation on slight out of focus]]
[2022.12.18-10.18.12:364][  0]LogConfig: Setting CVar [[r.DOF.TemporalAAQuality:1                ; more stable temporal accumulation]]
[2022.12.18-10.18.12:364][  0]LogConfig: Setting CVar [[r.DOF.Kernel.MaxForegroundRadius:0.025]]
[2022.12.18-10.18.12:364][  0]LogConfig: Setting CVar [[r.DOF.Kernel.MaxBackgroundRadius:0.025]]
[2022.12.18-10.18.12:364][  0]LogConfig: Applying CVar settings from Section [TextureQuality@3] File [D:/Program Files (x86)/github/-Prosto-ranner_Sosnin_Kochetkova/to shto nujno/Saved/Config/Windows/Scalability.ini]
[2022.12.18-10.18.12:364][  0]LogConfig: Setting CVar [[r.Streaming.MipBias:0]]
[2022.12.18-10.18.12:364][  0]LogConfig: Setting CVar [[r.Streaming.AmortizeCPUToGPUCopy:0]]
[2022.12.18-10.18.12:364][  0]LogConfig: Setting CVar [[r.Streaming.MaxNumTexturesToStreamPerFrame:0]]
[2022.12.18-10.18.12:364][  0]LogConfig: Setting CVar [[r.Streaming.Boost:1]]
[2022.12.18-10.18.12:364][  0]LogConfig: Setting CVar [[r.MaxAnisotropy:8]]
[2022.12.18-10.18.12:364][  0]LogConfig: Setting CVar [[r.VT.MaxAnisotropy:8]]
[2022.12.18-10.18.12:364][  0]LogConfig: Setting CVar [[r.Streaming.LimitPoolSizeToVRAM:0]]
[2022.12.18-10.18.12:364][  0]LogConfig: Setting CVar [[r.Streaming.PoolSize:1000]]
[2022.12.18-10.18.12:364][  0]LogConfig: Setting CVar [[r.Streaming.MaxEffectiveScreenSize:0]]
[2022.12.18-10.18.12:364][  0]LogConfig: Applying CVar settings from Section [EffectsQuality@3] File [D:/Program Files (x86)/github/-Prosto-ranner_Sosnin_Kochetkova/to shto nujno/Saved/Config/Windows/Scalability.ini]
[2022.12.18-10.18.12:364][  0]LogConfig: Setting CVar [[r.TranslucencyLightingVolumeDim:64]]
[2022.12.18-10.18.12:364][  0]LogConfig: Setting CVar [[r.RefractionQuality:2]]
[2022.12.18-10.18.12:364][  0]LogConfig: Setting CVar [[r.SSR.Quality:3]]
[2022.12.18-10.18.12:364][  0]LogConfig: Setting CVar [[r.SSR.HalfResSceneColor:0]]
[2022.12.18-10.18.12:364][  0]LogConfig: Setting CVar [[r.SceneColorFormat:4]]
[2022.12.18-10.18.12:364][  0]LogConfig: Setting CVar [[r.DetailMode:2]]
[2022.12.18-10.18.12:364][  0]LogConfig: Setting CVar [[r.TranslucencyVolumeBlur:1]]
[2022.12.18-10.18.12:364][  0]LogConfig: Setting CVar [[r.MaterialQualityLevel:1 ; High quality]]
[2022.12.18-10.18.12:364][  0]LogConfig: Setting CVar [[r.AnisotropicMaterials:1]]
[2022.12.18-10.18.12:364][  0]LogConfig: Setting CVar [[r.SSS.Scale:1]]
[2022.12.18-10.18.12:364][  0]LogConfig: Setting CVar [[r.SSS.SampleSet:2]]
[2022.12.18-10.18.12:364][  0]LogConfig: Setting CVar [[r.SSS.Quality:1]]
[2022.12.18-10.18.12:364][  0]LogConfig: Setting CVar [[r.SSS.HalfRes:0]]
[2022.12.18-10.18.12:364][  0]LogConfig: Setting CVar [[r.SSGI.Quality:3]]
[2022.12.18-10.18.12:364][  0]LogConfig: Setting CVar [[r.EmitterSpawnRateScale:1.0]]
[2022.12.18-10.18.12:364][  0]LogConfig: Setting CVar [[r.ParticleLightQuality:2]]
[2022.12.18-10.18.12:364][  0]LogConfig: Setting CVar [[r.SkyAtmosphere.AerialPerspectiveLUT.FastApplyOnOpaque:1 ; Always have FastSkyLUT 1 in this case to avoid wrong sky]]
[2022.12.18-10.18.12:365][  0]LogConfig: Setting CVar [[r.SkyAtmosphere.AerialPerspectiveLUT.SampleCountMaxPerSlice:4]]
[2022.12.18-10.18.12:365][  0]LogConfig: Setting CVar [[r.SkyAtmosphere.AerialPerspectiveLUT.DepthResolution:16.0]]
[2022.12.18-10.18.12:365][  0]LogConfig: Setting CVar [[r.SkyAtmosphere.FastSkyLUT:1]]
[2022.12.18-10.18.12:365][  0]LogConfig: Setting CVar [[r.SkyAtmosphere.FastSkyLUT.SampleCountMin:4.0]]
[2022.12.18-10.18.12:365][  0]LogConfig: Setting CVar [[r.SkyAtmosphere.FastSkyLUT.SampleCountMax:128.0]]
[2022.12.18-10.18.12:365][  0]LogConfig: Setting CVar [[r.SkyAtmosphere.SampleCountMin:4.0]]
[2022.12.18-10.18.12:365][  0]LogConfig: Setting CVar [[r.SkyAtmosphere.SampleCountMax:128.0]]
[2022.12.18-10.18.12:365][  0]LogConfig: Setting CVar [[r.SkyAtmosphere.TransmittanceLUT.UseSmallFormat:0]]
[2022.12.18-10.18.12:365][  0]LogConfig: Setting CVar [[r.SkyAtmosphere.TransmittanceLUT.SampleCount:10.0]]
[2022.12.18-10.18.12:365][  0]LogConfig: Setting CVar [[r.SkyAtmosphere.MultiScatteringLUT.SampleCount:15.0]]
[2022.12.18-10.18.12:365][  0]LogConfig: Setting CVar [[r.SkyLight.RealTimeReflectionCapture:1]]
[2022.12.18-10.18.12:365][  0]LogConfig: Applying CVar settings from Section [FoliageQuality@3] File [D:/Program Files (x86)/github/-Prosto-ranner_Sosnin_Kochetkova/to shto nujno/Saved/Config/Windows/Scalability.ini]
[2022.12.18-10.18.12:365][  0]LogConfig: Setting CVar [[foliage.DensityScale:1.0]]
[2022.12.18-10.18.12:365][  0]LogConfig: Setting CVar [[grass.DensityScale:1.0]]
[2022.12.18-10.18.12:365][  0]LogConfig: Applying CVar settings from Section [ShadingQuality@3] File [D:/Program Files (x86)/github/-Prosto-ranner_Sosnin_Kochetkova/to shto nujno/Saved/Config/Windows/Scalability.ini]
[2022.12.18-10.18.12:365][  0]LogConfig: Setting CVar [[r.HairStrands.SkyLighting.IntegrationType:2]]
[2022.12.18-10.18.12:365][  0]LogConfig: Setting CVar [[r.HairStrands.SkyAO.SampleCount:4]]
[2022.12.18-10.18.12:365][  0]LogConfig: Setting CVar [[r.HairStrands.Visibility.MSAA.SamplePerPixel:4]]
[2022.12.18-10.18.12:365][  0]LogInit: Selected Device Profile: [Windows]
[2022.12.18-10.18.12:365][  0]LogInit: Applying CVar settings loaded from the selected device profile: [Windows]
[2022.12.18-10.18.12:365][  0]LogHAL: Display: Platform has ~ 16 GB [17108082688 / 17179869184 / 16], which maps to Larger [LargestMinGB=32, LargerMinGB=12, DefaultMinGB=8, SmallerMinGB=6, SmallestMinGB=0)
[2022.12.18-10.18.12:365][  0]LogInit: Going up to parent DeviceProfile []
[2022.12.18-10.18.12:365][  0]LogConfig: Applying CVar settings from Section [ViewDistanceQuality@3] File [D:/Program Files (x86)/github/-Prosto-ranner_Sosnin_Kochetkova/to shto nujno/Saved/Config/Windows/Scalability.ini]
[2022.12.18-10.18.12:365][  0]LogConfig: Setting CVar [[r.SkeletalMeshLODBias:0]]
[2022.12.18-10.18.12:365][  0]LogConfig: Setting CVar [[r.ViewDistanceScale:1.0]]
[2022.12.18-10.18.12:365][  0]LogConfig: Applying CVar settings from Section [AntiAliasingQuality@3] File [D:/Program Files (x86)/github/-Prosto-ranner_Sosnin_Kochetkova/to shto nujno/Saved/Config/Windows/Scalability.ini]
[2022.12.18-10.18.12:365][  0]LogConfig: Setting CVar [[r.PostProcessAAQuality:4]]
[2022.12.18-10.18.12:365][  0]LogConfig: Applying CVar settings from Section [ShadowQuality@3] File [D:/Program Files (x86)/github/-Prosto-ranner_Sosnin_Kochetkova/to shto nujno/Saved/Config/Windows/Scalability.ini]
[2022.12.18-10.18.12:365][  0]LogConfig: Setting CVar [[r.LightFunctionQuality:1]]
[2022.12.18-10.18.12:365][  0]LogConfig: Setting CVar [[r.ShadowQuality:5]]
[2022.12.18-10.18.12:365][  0]LogConfig: Setting CVar [[r.Shadow.CSM.MaxCascades:10]]
[2022.12.18-10.18.12:365][  0]LogConfig: Setting CVar [[r.Shadow.MaxResolution:2048]]
[2022.12.18-10.18.12:365][  0]LogConfig: Setting CVar [[r.Shadow.MaxCSMResolution:2048]]
[2022.12.18-10.18.12:365][  0]LogConfig: Setting CVar [[r.Shadow.RadiusThreshold:0.01]]
[2022.12.18-10.18.12:365][  0]LogConfig: Setting CVar [[r.Shadow.DistanceScale:1.0]]
[2022.12.18-10.18.12:365][  0]LogConfig: Setting CVar [[r.Shadow.CSM.TransitionScale:1.0]]
[2022.12.18-10.18.12:365][  0]LogConfig: Setting CVar [[r.Shadow.PreShadowResolutionFactor:1.0]]
[2022.12.18-10.18.12:365][  0]LogConfig: Setting CVar [[r.DistanceFieldShadowing:1]]
[2022.12.18-10.18.12:365][  0]LogConfig: Setting CVar [[r.DistanceFieldAO:1]]
[2022.12.18-10.18.12:365][  0]LogConfig: Setting CVar [[r.AOQuality:2]]
[2022.12.18-10.18.12:365][  0]LogConfig: Setting CVar [[r.VolumetricFog:1]]
[2022.12.18-10.18.12:365][  0]LogConfig: Setting CVar [[r.VolumetricFog.GridPixelSize:8]]
[2022.12.18-10.18.12:365][  0]LogConfig: Setting CVar [[r.VolumetricFog.GridSizeZ:128]]
[2022.12.18-10.18.12:365][  0]LogConfig: Setting CVar [[r.VolumetricFog.HistoryMissSupersampleCount:4]]
[2022.12.18-10.18.12:365][  0]LogConfig: Setting CVar [[r.LightMaxDrawDistanceScale:1]]
[2022.12.18-10.18.12:365][  0]LogConfig: Setting CVar [[r.CapsuleShadows:1]]
[2022.12.18-10.18.12:365][  0]LogConfig: Applying CVar settings from Section [PostProcessQuality@3] File [D:/Program Files (x86)/github/-Prosto-ranner_Sosnin_Kochetkova/to shto nujno/Saved/Config/Windows/Scalability.ini]
[2022.12.18-10.18.12:365][  0]LogConfig: Setting CVar [[r.MotionBlurQuality:4]]
[2022.12.18-10.18.12:365][  0]LogConfig: Setting CVar [[r.AmbientOcclusionMipLevelFactor:0.4]]
[2022.12.18-10.18.12:365][  0]LogConfig: Setting CVar [[r.AmbientOcclusionMaxQuality:100]]
[2022.12.18-10.18.12:365][  0]LogConfig: Setting CVar [[r.AmbientOcclusionLevels:-1]]
[2022.12.18-10.18.12:365][  0]LogConfig: Setting CVar [[r.AmbientOcclusionRadiusScale:1.0]]
[2022.12.18-10.18.12:365][  0]LogConfig: Setting CVar [[r.DepthOfFieldQuality:2]]
[2022.12.18-10.18.12:365][  0]LogConfig: Setting CVar [[r.RenderTargetPoolMin:400]]
[2022.12.18-10.18.12:365][  0]LogConfig: Setting CVar [[r.LensFlareQuality:2]]
[2022.12.18-10.18.12:365][  0]LogConfig: Setting CVar [[r.SceneColorFringeQuality:1]]
[2022.12.18-10.18.12:365][  0]LogConfig: Setting CVar [[r.EyeAdaptationQuality:2]]
[2022.12.18-10.18.12:365][  0]LogConfig: Setting CVar [[r.BloomQuality:5]]
[2022.12.18-10.18.12:365][  0]LogConfig: Setting CVar [[r.FastBlurThreshold:100]]
[2022.12.18-10.18.12:365][  0]LogConfig: Setting CVar [[r.Upscale.Quality:3]]
[2022.12.18-10.18.12:365][  0]LogConfig: Setting CVar [[r.Tonemapper.GrainQuantization:1]]
[2022.12.18-10.18.12:365][  0]LogConfig: Setting CVar [[r.LightShaftQuality:1]]
[2022.12.18-10.18.12:365][  0]LogConfig: Setting CVar [[r.Filter.SizeScale:1]]
[2022.12.18-10.18.12:365][  0]LogConfig: Setting CVar [[r.Tonemapper.Quality:5]]
[2022.12.18-10.18.12:365][  0]LogConfig: Setting CVar [[r.DOF.Gather.AccumulatorQuality:1        ; higher gathering accumulator quality]]
[2022.12.18-10.18.12:365][  0]LogConfig: Setting CVar [[r.DOF.Gather.PostfilterMethod:1          ; Median3x3 postfilering method]]
[2022.12.18-10.18.12:365][  0]LogConfig: Setting CVar [[r.DOF.Gather.EnableBokehSettings:0       ; no bokeh simulation when gathering]]
[2022.12.18-10.18.12:365][  0]LogConfig: Setting CVar [[r.DOF.Gather.RingCount:4                 ; medium number of samples when gathering]]
[2022.12.18-10.18.12:365][  0]LogConfig: Setting CVar [[r.DOF.Scatter.ForegroundCompositing:1    ; additive foreground scattering]]
[2022.12.18-10.18.12:365][  0]LogConfig: Setting CVar [[r.DOF.Scatter.BackgroundCompositing:2    ; additive background scattering]]
[2022.12.18-10.18.12:365][  0]LogConfig: Setting CVar [[r.DOF.Scatter.EnableBokehSettings:1      ; bokeh simulation when scattering]]
[2022.12.18-10.18.12:365][  0]LogConfig: Setting CVar [[r.DOF.Scatter.MaxSpriteRatio:0.1         ; only a maximum of 10% of scattered bokeh]]
[2022.12.18-10.18.12:365][  0]LogConfig: Setting CVar [[r.DOF.Recombine.Quality:1                ; cheap slight out of focus]]
[2022.12.18-10.18.12:365][  0]LogConfig: Setting CVar [[r.DOF.Recombine.EnableBokehSettings:0    ; no bokeh simulation on slight out of focus]]
[2022.12.18-10.18.12:365][  0]LogConfig: Setting CVar [[r.DOF.TemporalAAQuality:1                ; more stable temporal accumulation]]
[2022.12.18-10.18.12:365][  0]LogConfig: Setting CVar [[r.DOF.Kernel.MaxForegroundRadius:0.025]]
[2022.12.18-10.18.12:365][  0]LogConfig: Setting CVar [[r.DOF.Kernel.MaxBackgroundRadius:0.025]]
[2022.12.18-10.18.12:365][  0]LogConfig: Applying CVar settings from Section [TextureQuality@3] File [D:/Program Files (x86)/github/-Prosto-ranner_Sosnin_Kochetkova/to shto nujno/Saved/Config/Windows/Scalability.ini]
[2022.12.18-10.18.12:366][  0]LogConfig: Setting CVar [[r.Streaming.MipBias:0]]
[2022.12.18-10.18.12:366][  0]LogConfig: Setting CVar [[r.Streaming.AmortizeCPUToGPUCopy:0]]
[2022.12.18-10.18.12:366][  0]LogConfig: Setting CVar [[r.Streaming.MaxNumTexturesToStreamPerFrame:0]]
[2022.12.18-10.18.12:366][  0]LogConfig: Setting CVar [[r.Streaming.Boost:1]]
[2022.12.18-10.18.12:366][  0]LogConfig: Setting CVar [[r.MaxAnisotropy:8]]
[2022.12.18-10.18.12:366][  0]LogConfig: Setting CVar [[r.VT.MaxAnisotropy:8]]
[2022.12.18-10.18.12:366][  0]LogConfig: Setting CVar [[r.Streaming.LimitPoolSizeToVRAM:0]]
[2022.12.18-10.18.12:366][  0]LogConfig: Setting CVar [[r.Streaming.PoolSize:1000]]
[2022.12.18-10.18.12:366][  0]LogConfig: Setting CVar [[r.Streaming.MaxEffectiveScreenSize:0]]
[2022.12.18-10.18.12:366][  0]LogConfig: Applying CVar settings from Section [EffectsQuality@3] File [D:/Program Files (x86)/github/-Prosto-ranner_Sosnin_Kochetkova/to shto nujno/Saved/Config/Windows/Scalability.ini]
[2022.12.18-10.18.12:366][  0]LogConfig: Setting CVar [[r.TranslucencyLightingVolumeDim:64]]
[2022.12.18-10.18.12:366][  0]LogConfig: Setting CVar [[r.RefractionQuality:2]]
[2022.12.18-10.18.12:366][  0]LogConfig: Setting CVar [[r.SSR.Quality:3]]
[2022.12.18-10.18.12:366][  0]LogConfig: Setting CVar [[r.SSR.HalfResSceneColor:0]]
[2022.12.18-10.18.12:366][  0]LogConfig: Setting CVar [[r.SceneColorFormat:4]]
[2022.12.18-10.18.12:366][  0]LogConfig: Setting CVar [[r.DetailMode:2]]
[2022.12.18-10.18.12:366][  0]LogConfig: Setting CVar [[r.TranslucencyVolumeBlur:1]]
[2022.12.18-10.18.12:366][  0]LogConfig: Setting CVar [[r.MaterialQualityLevel:1 ; High quality]]
[2022.12.18-10.18.12:366][  0]LogConfig: Setting CVar [[r.AnisotropicMaterials:1]]
[2022.12.18-10.18.12:366][  0]LogConfig: Setting CVar [[r.SSS.Scale:1]]
[2022.12.18-10.18.12:366][  0]LogConfig: Setting CVar [[r.SSS.SampleSet:2]]
[2022.12.18-10.18.12:366][  0]LogConfig: Setting CVar [[r.SSS.Quality:1]]
[2022.12.18-10.18.12:366][  0]LogConfig: Setting CVar [[r.SSS.HalfRes:0]]
[2022.12.18-10.18.12:366][  0]LogConfig: Setting CVar [[r.SSGI.Quality:3]]
[2022.12.18-10.18.12:366][  0]LogConfig: Setting CVar [[r.EmitterSpawnRateScale:1.0]]
[2022.12.18-10.18.12:366][  0]LogConfig: Setting CVar [[r.ParticleLightQuality:2]]
[2022.12.18-10.18.12:366][  0]LogConfig: Setting CVar [[r.SkyAtmosphere.AerialPerspectiveLUT.FastApplyOnOpaque:1 ; Always have FastSkyLUT 1 in this case to avoid wrong sky]]
[2022.12.18-10.18.12:366][  0]LogConfig: Setting CVar [[r.SkyAtmosphere.AerialPerspectiveLUT.SampleCountMaxPerSlice:4]]
[2022.12.18-10.18.12:366][  0]LogConfig: Setting CVar [[r.SkyAtmosphere.AerialPerspectiveLUT.DepthResolution:16.0]]
[2022.12.18-10.18.12:366][  0]LogConfig: Setting CVar [[r.SkyAtmosphere.FastSkyLUT:1]]
[2022.12.18-10.18.12:366][  0]LogConfig: Setting CVar [[r.SkyAtmosphere.FastSkyLUT.SampleCountMin:4.0]]
[2022.12.18-10.18.12:366][  0]LogConfig: Setting CVar [[r.SkyAtmosphere.FastSkyLUT.SampleCountMax:128.0]]
[2022.12.18-10.18.12:366][  0]LogConfig: Setting CVar [[r.SkyAtmosphere.SampleCountMin:4.0]]
[2022.12.18-10.18.12:366][  0]LogConfig: Setting CVar [[r.SkyAtmosphere.SampleCountMax:128.0]]
[2022.12.18-10.18.12:366][  0]LogConfig: Setting CVar [[r.SkyAtmosphere.TransmittanceLUT.UseSmallFormat:0]]
[2022.12.18-10.18.12:366][  0]LogConfig: Setting CVar [[r.SkyAtmosphere.TransmittanceLUT.SampleCount:10.0]]
[2022.12.18-10.18.12:366][  0]LogConfig: Setting CVar [[r.SkyAtmosphere.MultiScatteringLUT.SampleCount:15.0]]
[2022.12.18-10.18.12:366][  0]LogConfig: Setting CVar [[r.SkyLight.RealTimeReflectionCapture:1]]
[2022.12.18-10.18.12:366][  0]LogConfig: Applying CVar settings from Section [FoliageQuality@3] File [D:/Program Files (x86)/github/-Prosto-ranner_Sosnin_Kochetkova/to shto nujno/Saved/Config/Windows/Scalability.ini]
[2022.12.18-10.18.12:366][  0]LogConfig: Setting CVar [[foliage.DensityScale:1.0]]
[2022.12.18-10.18.12:366][  0]LogConfig: Setting CVar [[grass.DensityScale:1.0]]
[2022.12.18-10.18.12:366][  0]LogConfig: Applying CVar settings from Section [ShadingQuality@3] File [D:/Program Files (x86)/github/-Prosto-ranner_Sosnin_Kochetkova/to shto nujno/Saved/Config/Windows/Scalability.ini]
[2022.12.18-10.18.12:366][  0]LogConfig: Setting CVar [[r.HairStrands.SkyLighting.IntegrationType:2]]
[2022.12.18-10.18.12:366][  0]LogConfig: Setting CVar [[r.HairStrands.SkyAO.SampleCount:4]]
[2022.12.18-10.18.12:366][  0]LogConfig: Setting CVar [[r.HairStrands.Visibility.MSAA.SamplePerPixel:4]]
[2022.12.18-10.18.12:366][  0]LogConfig: Applying CVar settings from Section [Startup] File [../../../Engine/Config/ConsoleVariables.ini]
[2022.12.18-10.18.12:432][  0]LogConfig: Setting CVar [[net.UseAdaptiveNetUpdateFrequency:0]]
[2022.12.18-10.18.12:432][  0]LogConfig: Setting CVar [[p.chaos.AllowCreatePhysxBodies:1]]
[2022.12.18-10.18.12:432][  0]LogConfig: Setting CVar [[fx.SkipVectorVMBackendOptimizations:1]]
[2022.12.18-10.18.12:432][  0]LogConfig: Applying CVar settings from Section [ConsoleVariables] File [D:/Program Files (x86)/github/-Prosto-ranner_Sosnin_Kochetkova/to shto nujno/Saved/Config/Windows/Engine.ini]
[2022.12.18-10.18.12:432][  0]LogConfig: Applying CVar settings from Section [ConsoleVariables] File [D:/Program Files (x86)/github/-Prosto-ranner_Sosnin_Kochetkova/to shto nujno/Saved/Config/Windows/Editor.ini]
[2022.12.18-10.18.12:432][  0]LogInit: Computer: MVTEVDA
[2022.12.18-10.18.12:432][  0]LogInit: User: User13
[2022.12.18-10.18.12:432][  0]LogInit: CPU Page size=4096, Cores=8
[2022.12.18-10.18.12:432][  0]LogInit: High frequency timer resolution =10.000000 MHz
[2022.12.18-10.18.12:432][  0]LogMemory: Memory total: Physical=15.9GB (16GB approx)
[2022.12.18-10.18.12:432][  0]LogMemory: Platform Memory Stats for Windows
[2022.12.18-10.18.12:432][  0]LogMemory: Process Physical Memory: 143.13 MB used, 143.13 MB peak
[2022.12.18-10.18.12:432][  0]LogMemory: Process Virtual Memory: 128.42 MB used, 128.42 MB peak
[2022.12.18-10.18.12:432][  0]LogMemory: Physical Memory: 5552.90 MB used,  10762.64 MB free, 16315.54 MB total
[2022.12.18-10.18.12:432][  0]LogMemory: Virtual Memory: 134207808.00 MB used,  9920.41 MB free, 134217728.00 MB total
[2022.12.18-10.18.12:439][  0]LogWindows: WindowsPlatformFeatures enabled
[2022.12.18-10.18.12:952][  0]LogInit: Physics initialised using underlying interface: PhysX
[2022.12.18-10.18.12:953][  0]LogInit: Using OS detected language (ru-RU).
[2022.12.18-10.18.12:953][  0]LogInit: Using OS detected locale (ru-RU).
[2022.12.18-10.18.12:954][  0]LogTextLocalizationManager: No specific localization for 'ru-RU' exists, so the 'ru' localization will be used.
[2022.12.18-10.18.12:954][  0]LogTextLocalizationResource: LocRes '../../../Engine/Content/Localization/Editor/ru/Editor.locres' could not be opened for reading!
[2022.12.18-10.18.12:954][  0]LogTextLocalizationResource: LocRes '../../../Engine/Content/Localization/EditorTutorials/ru/EditorTutorials.locres' could not be opened for reading!
[2022.12.18-10.18.12:954][  0]LogTextLocalizationResource: LocRes '../../../Engine/Content/Localization/Keywords/ru/Keywords.locres' could not be opened for reading!
[2022.12.18-10.18.12:954][  0]LogTextLocalizationResource: LocRes '../../../Engine/Content/Localization/Category/ru/Category.locres' could not be opened for reading!
[2022.12.18-10.18.12:954][  0]LogTextLocalizationResource: LocRes '../../../Engine/Content/Localization/ToolTips/ru/ToolTips.locres' could not be opened for reading!
[2022.12.18-10.18.12:954][  0]LogTextLocalizationResource: LocRes '../../../Engine/Content/Localization/PropertyNames/ru/PropertyNames.locres' could not be opened for reading!
[2022.12.18-10.18.12:954][  0]LogTextLocalizationResource: LocRes '../../../Engine/Content/Localization/Engine/ru/Engine.locres' could not be opened for reading!
[2022.12.18-10.18.12:993][  0]LogInit: Setting process to per monitor DPI aware
[2022.12.18-10.18.13:015][  0]LogWindowsTextInputMethodSystem: Display: IME system deactivated.
[2022.12.18-10.18.13:110][  0]LogSlate: New Slate User Created.  User Index 0, Is Virtual User: 0
[2022.12.18-10.18.13:110][  0]LogSlate: Slate User Registered.  User Index 0, Is Virtual User: 0
[2022.12.18-10.18.14:564][  0]LogD3D11RHI: Loaded GFSDK_Aftermath_Lib.x64.dll
[2022.12.18-10.18.14:566][  0]LogHMD: Failed to initialize OpenVR with code 110
[2022.12.18-10.18.14:566][  0]LogD3D11RHI: D3D11 min allowed feature level: 11_0
[2022.12.18-10.18.14:566][  0]LogD3D11RHI: D3D11 max allowed feature level: 11_0
[2022.12.18-10.18.14:566][  0]LogD3D11RHI: D3D11 adapters:
[2022.12.18-10.18.14:725][  0]LogD3D11RHI:    0. 'NVIDIA GeForce GTX 1660' (Feature Level 11_0)
[2022.12.18-10.18.14:725][  0]LogD3D11RHI:       5991/0/8157 MB DedicatedVideo/DedicatedSystem/SharedSystem, Outputs:1, VendorId:0x10de
[2022.12.18-10.18.14:727][  0]LogD3D11RHI:    1. 'Microsoft Basic Render Driver' (Feature Level 11_0)
[2022.12.18-10.18.14:727][  0]LogD3D11RHI:       0/0/8157 MB DedicatedVideo/DedicatedSystem/SharedSystem, Outputs:0, VendorId:0x1414
[2022.12.18-10.18.14:727][  0]LogD3D11RHI: Chosen D3D11 Adapter:
[2022.12.18-10.18.14:727][  0]LogD3D11RHI:     Description : NVIDIA GeForce GTX 1660
[2022.12.18-10.18.14:727][  0]LogD3D11RHI:     VendorId    : 10de
[2022.12.18-10.18.14:727][  0]LogD3D11RHI:     DeviceId    : 2184
[2022.12.18-10.18.14:727][  0]LogD3D11RHI:     SubSysId    : 218410de
[2022.12.18-10.18.14:727][  0]LogD3D11RHI:     Revision    : 00a1
[2022.12.18-10.18.14:727][  0]LogD3D11RHI:     DedicatedVideoMemory : 6282018816 bytes
[2022.12.18-10.18.14:727][  0]LogD3D11RHI:     DedicatedSystemMemory : 0 bytes
[2022.12.18-10.18.14:727][  0]LogD3D11RHI:     SharedSystemMemory : 8554041344 bytes
[2022.12.18-10.18.14:727][  0]LogD3D11RHI:     AdapterLuid : 0 57255
[2022.12.18-10.18.14:732][  0]LogD3D11RHI: Creating new Direct3DDevice
[2022.12.18-10.18.14:732][  0]LogD3D11RHI:     GPU DeviceId: 0x2184 (for the marketing name, search the web for "GPU Device Id")
[2022.12.18-10.18.14:732][  0]LogWindows: EnumDisplayDevices:
[2022.12.18-10.18.14:732][  0]LogWindows:    0. 'NVIDIA GeForce GTX 1660' (P:1 D:1)
[2022.12.18-10.18.14:732][  0]LogWindows:    1. 'NVIDIA GeForce GTX 1660' (P:0 D:0)
[2022.12.18-10.18.14:732][  0]LogWindows:    2. 'NVIDIA GeForce GTX 1660' (P:0 D:0)
[2022.12.18-10.18.14:732][  0]LogWindows:    3. 'NVIDIA GeForce GTX 1660' (P:0 D:0)
[2022.12.18-10.18.14:732][  0]LogWindows: DebugString: FoundDriverCount:4 
[2022.12.18-10.18.14:733][  0]LogD3D11RHI:     Adapter Name: NVIDIA GeForce GTX 1660
[2022.12.18-10.18.14:733][  0]LogD3D11RHI:   Driver Version: 516.94 (internal:31.0.15.1694, unified:516.94)
[2022.12.18-10.18.14:733][  0]LogD3D11RHI:      Driver Date: 7-21-2022
[2022.12.18-10.18.14:733][  0]LogRHI: Texture pool is 4193 MB (70% of 5991 MB)
[2022.12.18-10.18.14:733][  0]LogD3D11RHI: Creating D3DDevice using adapter:
[2022.12.18-10.18.14:733][  0]LogD3D11RHI:     Description : NVIDIA GeForce GTX 1660
[2022.12.18-10.18.14:733][  0]LogD3D11RHI:     VendorId    : 10de
[2022.12.18-10.18.14:733][  0]LogD3D11RHI:     DeviceId    : 2184
[2022.12.18-10.18.14:733][  0]LogD3D11RHI:     SubSysId    : 218410de
[2022.12.18-10.18.14:733][  0]LogD3D11RHI:     Revision    : 00a1
[2022.12.18-10.18.14:733][  0]LogD3D11RHI:     DedicatedVideoMemory : 6282018816 bytes
[2022.12.18-10.18.14:733][  0]LogD3D11RHI:     DedicatedSystemMemory : 0 bytes
[2022.12.18-10.18.14:733][  0]LogD3D11RHI:     SharedSystemMemory : 8554041344 bytes
[2022.12.18-10.18.14:733][  0]LogD3D11RHI:     AdapterLuid : 0 57255
[2022.12.18-10.18.14:787][  0]LogD3D11RHI: RHI has support for 64 bit atomics
[2022.12.18-10.18.14:787][  0]LogD3D11RHI: Async texture creation enabled
[2022.12.18-10.18.14:787][  0]LogD3D11RHI: Array index from any shader is supported
[2022.12.18-10.18.14:801][  0]LogD3D11RHI: GPU Timing Frequency: 1000.000000 (Debug: 2 1)
[2022.12.18-10.18.14:872][  0]LogRHI: GeForceNow SDK initialized: 1
[2022.12.18-10.18.15:319][  0]LogTargetPlatformManager: Display: Loaded TargetPlatform 'AllDesktop'
[2022.12.18-10.18.15:334][  0]LogTargetPlatformManager: Display: Loaded TargetPlatform 'Android'
[2022.12.18-10.18.15:334][  0]LogTargetPlatformManager: Display: Loaded TargetPlatform 'Android_ASTC'
[2022.12.18-10.18.15:334][  0]LogTargetPlatformManager: Display: Loaded TargetPlatform 'Android_DXT'
[2022.12.18-10.18.15:334][  0]LogTargetPlatformManager: Display: Loaded TargetPlatform 'Android_ETC2'
[2022.12.18-10.18.15:334][  0]LogTargetPlatformManager: Display: Loaded TargetPlatform 'AndroidClient'
[2022.12.18-10.18.15:334][  0]LogTargetPlatformManager: Display: Loaded TargetPlatform 'Android_ASTCClient'
[2022.12.18-10.18.15:334][  0]LogTargetPlatformManager: Display: Loaded TargetPlatform 'Android_DXTClient'
[2022.12.18-10.18.15:334][  0]LogTargetPlatformManager: Display: Loaded TargetPlatform 'Android_ETC2Client'
[2022.12.18-10.18.15:334][  0]LogTargetPlatformManager: Display: Loaded TargetPlatform 'Android_Multi'
[2022.12.18-10.18.15:334][  0]LogTargetPlatformManager: Display: Loaded TargetPlatform 'Android_MultiClient'
[2022.12.18-10.18.15:343][  0]LogTargetPlatformManager: Display: Loaded TargetPlatform 'IOSClient'
[2022.12.18-10.18.15:343][  0]LogTargetPlatformManager: Display: Loaded TargetPlatform 'IOS'
[2022.12.18-10.18.15:348][  0]LogTargetPlatformManager: Display: Loaded TargetPlatform 'Linux'
[2022.12.18-10.18.15:357][  0]LogTargetPlatformManager: Display: Loaded TargetPlatform 'LinuxNoEditor'
[2022.12.18-10.18.15:366][  0]LogTargetPlatformManager: Display: Loaded TargetPlatform 'LinuxClient'
[2022.12.18-10.18.15:442][  0]LogTargetPlatformManager: Display: Loaded TargetPlatform 'LinuxServer'
[2022.12.18-10.18.15:476][  0]LogTargetPlatformManager: Display: Loaded TargetPlatform 'LinuxAArch64NoEditor'
[2022.12.18-10.18.15:496][  0]LogTargetPlatformManager: Display: Loaded TargetPlatform 'LinuxAArch64Client'
[2022.12.18-10.18.15:508][  0]LogTargetPlatformManager: Display: Loaded TargetPlatform 'LinuxAArch64Server'
[2022.12.18-10.18.15:543][  0]LogTargetPlatformManager: Display: Loaded TargetPlatform 'Lumin'
[2022.12.18-10.18.15:543][  0]LogTargetPlatformManager: Display: Loaded TargetPlatform 'LuminClient'
[2022.12.18-10.18.15:574][  0]LogTargetPlatformManager: Display: Loaded TargetPlatform 'MacNoEditor'
[2022.12.18-10.18.15:587][  0]LogTargetPlatformManager: Display: Loaded TargetPlatform 'Mac'
[2022.12.18-10.18.15:594][  0]LogTargetPlatformManager: Display: Loaded TargetPlatform 'MacClient'
[2022.12.18-10.18.15:613][  0]LogTargetPlatformManager: Display: Loaded TargetPlatform 'MacServer'
[2022.12.18-10.18.15:670][  0]LogTargetPlatformManager: Display: Loaded TargetPlatform 'TVOSClient'
[2022.12.18-10.18.15:670][  0]LogTargetPlatformManager: Display: Loaded TargetPlatform 'TVOS'
[2022.12.18-10.18.15:756][  0]LogTargetPlatformManager: Display: Loaded TargetPlatform 'WindowsNoEditor'
[2022.12.18-10.18.15:771][  0]LogTargetPlatformManager: Display: Loaded TargetPlatform 'Windows'
[2022.12.18-10.18.15:782][  0]LogTargetPlatformManager: Display: Loaded TargetPlatform 'WindowsClient'
[2022.12.18-10.18.15:797][  0]LogTargetPlatformManager: Display: Loaded TargetPlatform 'WindowsServer'
[2022.12.18-10.18.15:797][  0]LogTargetPlatformManager: Display: Building Assets For Windows
[2022.12.18-10.18.15:931][  0]LogAudioDebug: Display: Lib vorbis DLL was dynamically loaded.
[2022.12.18-10.18.16:280][  0]LogTextureFormatOodle: Display: Oodle Texture 2.9.0 init RDO Off
[2022.12.18-10.18.16:814][  0]LogRendererCore: Ray tracing is disabled. Reason: r.RayTracing=0.
[2022.12.18-10.18.16:814][  0]LogShaderCompilers: Guid format shader working directory is -45 characters bigger than the processId version (../../../../../../Program Files (x86)/github/-Prosto-ranner_Sosnin_Kochetkova/to shto nujno/Intermediate/Shaders/WorkingDirectory/7312/).
[2022.12.18-10.18.16:815][  0]LogShaderCompilers: Cleaned the shader compiler working directory 'C:/Users/Admin/AppData/Local/Temp/UnrealShaderWorkingDir/AC85A720416ECE907CE030B7B1F1EEFA/'.
[2022.12.18-10.18.16:815][  0]LogXGEController: Cannot use XGE Controller as Incredibuild is not installed on this machine.
[2022.12.18-10.18.16:815][  0]LogShaderCompilers: Cannot use XGE Shader Compiler as Incredibuild is not installed on this machine.
[2022.12.18-10.18.16:815][  0]LogShaderCompilers: Display: Using Local Shader Compiler.
[2022.12.18-10.18.17:830][  0]LogDerivedDataCache: Display: Max Cache Size: 512 MB
[2022.12.18-10.18.17:900][  0]LogDerivedDataCache: Loaded boot cache 0.07s 94MB C:/Users/Admin/AppData/Local/UnrealEngine/4.27/DerivedDataCache/Boot.ddc.
[2022.12.18-10.18.17:900][  0]LogDerivedDataCache: Display: Loaded Boot cache: C:/Users/Admin/AppData/Local/UnrealEngine/4.27/DerivedDataCache/Boot.ddc
[2022.12.18-10.18.17:900][  0]LogDerivedDataCache: FDerivedDataBackendGraph:  Pak pak cache file ../../../../../../Program Files (x86)/github/-Prosto-ranner_Sosnin_Kochetkova/to shto nujno/DerivedDataCache/DDC.ddp not found, will not use a pak cache.
[2022.12.18-10.18.17:900][  0]LogDerivedDataCache: Unable to find inner node Pak for hierarchical cache Hierarchy.
[2022.12.18-10.18.17:901][  0]LogDerivedDataCache: FDerivedDataBackendGraph:  CompressedPak pak cache file ../../../../../../Program Files (x86)/github/-Prosto-ranner_Sosnin_Kochetkova/to shto nujno/DerivedDataCache/Compressed.ddp not found, will not use a pak cache.
[2022.12.18-10.18.17:901][  0]LogDerivedDataCache: Unable to find inner node CompressedPak for hierarchical cache Hierarchy.
[2022.12.18-10.18.17:921][  0]LogDerivedDataCache: Display: Pak cache opened for reading ../../../Engine/DerivedDataCache/Compressed.ddp.
[2022.12.18-10.18.17:921][  0]LogDerivedDataCache: FDerivedDataBackendGraph:  EnterprisePak pak cache file ../../../Enterprise/DerivedDataCache/Compressed.ddp not found, will not use a pak cache.
[2022.12.18-10.18.17:921][  0]LogDerivedDataCache: Unable to find inner node EnterprisePak for hierarchical cache Hierarchy.
[2022.12.18-10.18.17:930][  0]LogDerivedDataCache: Speed tests for C:/Users/Admin/AppData/Local/UnrealEngine/Common/DerivedDataCache took 0.01 seconds
[2022.12.18-10.18.17:930][  0]LogDerivedDataCache: Display: Performance to C:/Users/Admin/AppData/Local/UnrealEngine/Common/DerivedDataCache: Latency=0.07ms. RandomReadSpeed=255.71MBs, RandomWriteSpeed=261.73MBs. Assigned SpeedClass 'Local'
[2022.12.18-10.18.17:930][  0]LogDerivedDataCache: Using Local data cache path C:/Users/Admin/AppData/Local/UnrealEngine/Common/DerivedDataCache: Writable
[2022.12.18-10.18.17:930][  0]LogDerivedDataCache: Shared data cache path not found in *engine.ini, will not use an Shared cache.
[2022.12.18-10.18.17:930][  0]LogDerivedDataCache: Unable to find inner node Shared for hierarchical cache Hierarchy.
[2022.12.18-10.18.17:971][  0]LogSlate: Using FreeType 2.10.0
[2022.12.18-10.18.18:019][  0]LogSlate: SlateFontServices - WITH_FREETYPE: 1, WITH_HARFBUZZ: 1
[2022.12.18-10.18.18:788][  0]LogAssetRegistry: FAssetRegistry took 0.0024 seconds to start up
[2022.12.18-10.18.19:007][  0]LogInit: Selected Device Profile: [Windows]
[2022.12.18-10.18.19:007][  0]LogInit: Active device profile: [000001DB785C5100][000001DB78231880 49] Windows
[2022.12.18-10.18.19:007][  0]LogInit: Profiles: [000001DB785C5100][000001DB78231880 49] Windows, [000001DB78586600][000001DB78239B40 49] WindowsNoEditor, [000001DB785C6200][000001DB7823C280 49] WindowsServer, [000001DB78585800][000001DB78240540 49] WindowsClient, [000001DB785C5700][000001DB78244800 49] IOS, [000001DB78586800][000001DB78248AC0 49] iPadAir, [000001DB785C7C00][000001DB78234D40 49] iPadAir2, [000001DB7852D400][000001DB78261240 49] IPadPro, [000001DB7852D500][000001DB7824D280 49] iPadAir3, [000001DB78587900][000001DB78259540 49] iPadAir4, [000001DB7852E300][000001DB78255800 49] iPadMini2, [000001DB78587000][000001DB7825DAC0 49] iPadMini3, [000001DB7852EF00][000001DB78264200 49] iPadMini4, [000001DB78585C00][000001DB782684C0 49] iPadMini5, [000001DB78535000][000001DB6A55EA00 49] iPhone6, [000001DB78535100][000001DB7826CA40 49] iPodTouch6, [000001DB785C7900][000001DB6A562F40 49] iPhone7, [000001DB785C6900][000001DB6A556F80 49] iPodTouch7, [000001DB7852D000][000001DB6A55B240 49] iPhone5S, [000001DB785C6F00][000001DB6A553500 49] iPhone6Plus, [000001DB7852F600][000001DB6A5677C0 49] iPhone6S, [000001DB785C4C00][000001DB6A56BA80 49] iPhone6SPlus, [000001DB785C5D00][000001DB6A56E1C0 49] iPhone7Plus, [000001DB78534800][000001DB6A572480 49] iPhoneSE, [000001DB785C4400][000001DB6A576740 49] iPhone8, [000001DB78534900][000001DB6A57AA00 49] iPhone8Plus, [000001DB78536E00][000001DB79280CC0 49] iPhoneX, [000001DB7852DD00][000001DB78250F40 49] iPhoneXS, [000001DB78536700][000001DB792851C0 49] iPhoneXSMax, [000001DB7852DC00][000001DB7928D480 49] iPhoneXR, [000001DB78536800][000001DB79291740 49] iPhone11, [000001DB7852CF00][000001DB79295A00 49] iPhone11Pro, [000001DB78534B00][000001DB79298140 49] iPhone11ProMax, [000001DB7852CC00][000001DB7929C400 49] iPhoneSE2, [000001DB78534E00][000001DB792A06C0 49] iPhone12Mini, [000001DB785C7800][000001DB792A4980 49] iPhone12, [000001DB78537100][000001DB792A8C40 49] iPhone12Pro, [000001DB785C7700][000001DB792ACF00 49] iPhone12ProMax, [000001DB78535E00][000001DB79289180 49] iPadPro105, [000001DB785C5400][000001DB792B1400 49] iPadPro129, [000001DB78537E00][000001DB792B96C0 49] iPadPro97, [000001DB785C6800][000001DB792BD980 49] iPadPro2_129, [000001DB78536000][000001DB792C00C0 49] iPad5, [000001DB785C6300][000001DB792C4380 49] iPad6, [000001DB78537B00][000001DB792C8640 49] iPad7, [000001DB785C5E00][000001DB792CC900 49] iPad8, [000001DB78534A00][000001DB792D0BC0 49] iPadPro11, [000001DB785C7E00][000001DB792D4E80 49] iPadPro2_11, [000001DB78535800][000001DB792D9140 49] iPadPro3_129, [000001DB785C6700][000001DB792B53C0 49] iPadPro4_129, [000001DB78534200][000001DB792DD640 49] AppleTV, [000001DB785C7F00][000001DB792E5900 49] AppleTV4K, [000001DB78536400][000001DB792E9BC0 49] TVOS, [000001DB785C4100][000001DB792EC300 49] Mac, [000001DB78535D00][000001DB792F05C0 49] MacClient, [000001DB785C6A00][000001DB792F4880 49] MacNoEditor, [000001DB78537A00][000001DB792F8B40 49] MacServer, [000001DB785C6000][000001DB792FCE00 49] Linux, [000001DB78535600][000001DB793010C0 49] LinuxAArch64, [000001DB785C4800][000001DB79305380 49] LinuxNoEditor, [000001DB78534C00][000001DB792E1600 49] LinuxAArch64NoEditor, [000001DB785C7B00][000001DB79309880 49] LinuxClient, [000001DB78537400][000001DB79311B40 49] LinuxAArch64Client, [000001DB785C7A00][000001DB79314280 49] LinuxServer, [000001DB78534700][000001DB79318540 49] LinuxAArch64Server, [000001DB785C6D00][000001DB7931C800 49] Android, [000001DB78536A00][000001DB79320AC0 49] Android_Low, [000001DB785C5F00][000001DB79324D80 49] Android_Mid, [000001DB78535F00][000001DB79329040 49] Android_High, [000001DB785C5900][000001DB7932D300 49] Android_Default, [000001DB78537C00][000001DB793315C0 49] Android_Adreno4xx, [000001DB785C7600][000001DB7930D840 49] Android_Adreno5xx_Low, [000001DB78537200][000001DB79335AC0 49] Android_Adreno5xx, [000001DB785C5000][000001DB7933C200 49] Android_Adreno6xx, [000001DB78536500][000001DB793404C0 49] Android_Adreno6xx_Vulkan, [000001DB785C4A00][000001DB79344780 49] Android_Mali_T6xx, [000001DB78536900][000001DB79348A40 49] Android_Mali_T7xx, [000001DB785C7D00][000001DB7934CD00 49] Android_Mali_T8xx, [000001DB78536D00][000001DB79350FC0 49] Android_Mali_G71, [000001DB7852F100][000001DB79355280 49] Android_Mali_G72, [000001DB78586E00][000001DB79359540 49] Android_Mali_G72_Vulkan, [000001DB7852EB00][000001DB7935D800 49] Android_Mali_G76, [000001DB78584500][000001DB79339A80 49] Android_Mali_G76_Vulkan, [000001DB7852E600][000001DB79360180 49] Android_Mali_G77, [000001DB78587D00][000001DB79368440 49] Android_Mali_G77_Vulkan, [000001DB7852E400][000001DB7936C700 49] Android_Mali_G78, [000001DB78584D00][000001DB793709C0 49] Android_Mali_G78_Vulkan, [000001DB7852F500][000001DB79374C80 49] Android_Mali_G710, [000001DB78586A00][000001DB79378F40 49] Android_Mali_G710_Vulkan, [000001DB7852FE00][000001DB7937D200 49] Android_Vulkan_SM5, [000001DB78585900][000001DB793814C0 49] Android_PowerVR_G6xxx, [000001DB7852C500][000001DB79385780 49] Android_PowerVR_GT7xxx, [000001DB78584200][000001DB79389A40 49] Android_PowerVR_GE8xxx, [000001DB7852FB00][000001DB79364140 49] Android_PowerVR_GM9xxx, [000001DB78586000][000001DB7938C3C0 49] Android_PowerVR_GM9xxx_Vulkan, [000001DB7852DF00][000001DB79394680 49] Android_TegraK1, [000001DB78584A00][000001DB79398940 49] Android_Unknown_Vulkan, [000001DB7852F900][000001DB7939CC00 49] Lumin, [000001DB78585200][000001DB793A0EC0 49] Lumin_Desktop, [000001DB7852DE00][000001DB793A5180 49] HoloLens, 
[2022.12.18-10.18.19:848][  0]LogMeshReduction: Using QuadricMeshReduction for automatic static mesh reduction
[2022.12.18-10.18.19:848][  0]LogMeshReduction: Using SimplygonMeshReduction for automatic skeletal mesh reduction
[2022.12.18-10.18.19:848][  0]LogMeshReduction: Using ProxyLODMeshReduction for automatic mesh merging
[2022.12.18-10.18.19:848][  0]LogMeshReduction: No distributed automatic mesh merging module available
[2022.12.18-10.18.19:848][  0]LogMeshMerging: No distributed automatic mesh merging module available
[2022.12.18-10.18.20:079][  0]LogNetVersion: Run1 1.0.0, NetCL: 17155196, EngineNetVer: 17, GameNetVer: 0 (Checksum: 2970749490)
[2022.12.18-10.18.28:912][  0]LogTexture: Default maximum texture size for cubemaps generated from long-lat sources has been changed from 512 to unlimited. In order to preserve old behaiour for '/Engine/MapTemplates/Sky/DaylightAmbientCubemap.DaylightAmbientCubemap', its maximum texture size has been explicitly set to 512.
[2022.12.18-10.18.29:207][  0]LogHMD: PokeAHoleMaterial loaded successfully
[2022.12.18-10.18.29:212][  0]LogUObjectArray: 17178 objects as part of root set at end of initial load.
[2022.12.18-10.18.29:212][  0]LogUObjectAllocator: 4302048 out of 0 bytes used by permanent object pool.
[2022.12.18-10.18.29:212][  0]LogUObjectArray: CloseDisregardForGC: 0/0 objects in disregard for GC pool
[2022.12.18-10.18.32:234][  0]LogNiagaraDebuggerClient: Niagara Debugger Client Initialized | Session: F55264C14CD69C2FF97FD49E4EF74CD0 | Instance: DA5B3EA04366072C1CD932A0D91DE530 (MVTEVDA-7312).
[2022.12.18-10.18.33:009][  0]LogUdpMessaging: Initializing bridge on interface 0.0.0.0:0 to multicast group 230.0.0.1:6666.
[2022.12.18-10.18.33:074][  0]LogTcpMessaging: Initializing TcpMessaging bridge
[2022.12.18-10.18.33:079][  0]LogPython: Using Python 3.7.7
[2022.12.18-10.18.34:851][  0]SourceControl: Source control is disabled
[2022.12.18-10.18.34:851][  0]SourceControl: Source control is disabled
[2022.12.18-10.18.34:918][  0]SourceControl: Source control is disabled
[2022.12.18-10.18.34:935][  0]SourceControl: Source control is disabled
[2022.12.18-10.18.35:011][  0]SourceControl: Source control is disabled
[2022.12.18-10.18.35:043][  0]LogUProjectInfo: Found projects:
[2022.12.18-10.18.35:063][  0]LogVSAccessor: Display: Unable to create Visual Studio setup instance: 80040154
[2022.12.18-10.18.35:064][  0]LogVSAccessor: Display: Unable to create Visual Studio setup instance: 80040154
[2022.12.18-10.18.35:065][  0]LogVSAccessor: Display: Unable to create Visual Studio setup instance: 80040154
[2022.12.18-10.18.35:886][  0]LogOpenImageDenoise: OIDN starting up
[2022.12.18-10.18.36:037][  0]LogAndroidPermission: UAndroidPermissionCallbackProxy::GetInstance
[2022.12.18-10.18.36:118][  0]LogAudioCaptureCore: Display: No Audio Capture implementations found. Audio input will be silent.
[2022.12.18-10.18.36:118][  0]LogAudioCaptureCore: Display: No Audio Capture implementations found. Audio input will be silent.
[2022.12.18-10.18.36:786][  0]LogCollectionManager: Loaded 0 collections in 0.000524 seconds
[2022.12.18-10.18.36:925][  0]LogFileCache: Scanning file cache for directory 'D:/Program Files (x86)/github/-Prosto-ranner_Sosnin_Kochetkova/to shto nujno/Saved/Collections/' took 0.00s
[2022.12.18-10.18.36:925][  0]LogFileCache: Scanning file cache for directory 'D:/Program Files (x86)/github/-Prosto-ranner_Sosnin_Kochetkova/to shto nujno/Content/Developers/User13/Collections/' took 0.00s
[2022.12.18-10.18.36:925][  0]LogFileCache: Scanning file cache for directory 'D:/Program Files (x86)/github/-Prosto-ranner_Sosnin_Kochetkova/to shto nujno/Content/Collections/' took 0.00s
[2022.12.18-10.18.36:925][  0]LogOcInput: OculusInput pre-init called
[2022.12.18-10.18.37:330][  0]LogEngine: Initializing Engine...
[2022.12.18-10.18.37:358][  0]LogHMD: Failed to enumerate extensions. Please check that you have a valid OpenXR runtime installed.
[2022.12.18-10.18.37:359][  0]LogHMD: Failed to initialize OpenVR with code 110
[2022.12.18-10.18.37:359][  0]LogMagicLeap: Warning: VR disabled because ZI is not enabled.  To enable, in the editor, Edit -> Project Settings -> Plugins -> Magic Leap Plugin -> Enable Zero Iteration
[2022.12.18-10.18.37:360][  0]LogStats: UGameplayTagsManager::InitializeManager -  0.000 s
[2022.12.18-10.18.37:791][  0]LogInit: Initializing FReadOnlyCVARCache
[2022.12.18-10.18.37:806][  0]LogAIModule: Creating AISystem for world Untitled
[2022.12.18-10.18.37:807][  0]LogAudio: Display: Initializing Audio Device Manager...
[2022.12.18-10.18.37:821][  0]LogAudio: Display: Loading Default Audio Settings Objects...
[2022.12.18-10.18.37:831][  0]LogAudio: Display: No default SoundConcurrencyObject specified (or failed to load).
[2022.12.18-10.18.37:832][  0]LogAudio: Display: Audio Device Manager Initialized
[2022.12.18-10.18.37:832][  0]LogAudio: Display: Creating Audio Device:                 Id: 1, Scope: Shared, Realtime: True
[2022.12.18-10.18.37:832][  0]LogAudioMixer: Display: Audio Mixer Platform Settings:
[2022.12.18-10.18.37:832][  0]LogAudioMixer: Display: 	Sample Rate:						  48000
[2022.12.18-10.18.37:832][  0]LogAudioMixer: Display: 	Callback Buffer Frame Size Requested: 1024
[2022.12.18-10.18.37:832][  0]LogAudioMixer: Display: 	Callback Buffer Frame Size To Use:	  1024
[2022.12.18-10.18.37:832][  0]LogAudioMixer: Display: 	Number of buffers to queue:			  2
[2022.12.18-10.18.37:832][  0]LogAudioMixer: Display: 	Max Channels (voices):				  32
[2022.12.18-10.18.37:832][  0]LogAudioMixer: Display: 	Number of Async Source Workers:		  0
[2022.12.18-10.18.37:832][  0]LogAudio: Display: AudioDevice MaxSources: 32
[2022.12.18-10.18.37:833][  0]LogAudio: Display: Audio Spatialization Plugin: None (built-in).
[2022.12.18-10.18.37:833][  0]LogAudio: Display: Audio Reverb Plugin: None (built-in).
[2022.12.18-10.18.37:833][  0]LogAudio: Display: Audio Occlusion Plugin: None (built-in).
[2022.12.18-10.18.37:833][  0]LogAudioMixer: Display: Initializing audio mixer.
[2022.12.18-10.18.37:858][  0]LogAudioMixer: Display: 0: FrontLeft
[2022.12.18-10.18.37:858][  0]LogAudioMixer: Display: 1: FrontRight
[2022.12.18-10.18.37:903][  0]LogAudioMixer: Display: Using Audio Device Динамики (Realtek(R) Audio)
[2022.12.18-10.18.37:903][  0]LogAudioMixer: Display: Initializing Sound Submixes...
[2022.12.18-10.18.37:927][  0]LogAudioMixer: Display: Creating Master Submix 'MasterSubmixDefault'
[2022.12.18-10.18.37:928][  0]LogAudioMixer: Display: Creating Master Submix 'MasterReverbSubmixDefault'
[2022.12.18-10.18.37:928][  0]LogAudioMixer: Display: Creating Master Submix 'MasterEQSubmixDefault'
[2022.12.18-10.18.37:928][  0]LogAudioMixer: FMixerPlatformXAudio2::StartAudioStream() called
[2022.12.18-10.18.37:928][  0]LogAudioMixer: Display: Output buffers initialized: Frames=1024, Channels=2, Samples=2048
[2022.12.18-10.18.37:929][  0]LogAudioMixer: Display: Starting AudioMixerPlatformInterface::RunInternal()
[2022.12.18-10.18.37:929][  0]LogAudioMixer: Display: FMixerPlatformXAudio2::SubmitBuffer() called for the first time
[2022.12.18-10.18.37:929][  0]LogInit: FAudioDevice initialized.
[2022.12.18-10.18.37:929][  0]LogAudio: Display: Audio Device (ID: 1) registered with world 'Untitled'.
[2022.12.18-10.18.37:930][  0]LogNetVersion: Set ProjectVersion to 1.0.0.0. Version Checksum will be recalculated on next use.
[2022.12.18-10.18.37:937][  0]LogDerivedDataCache: Error: Could not save memory cache C:/Users/Admin/AppData/Local/UnrealEngine/4.27/DerivedDataCache/Boot.ddc.
[2022.12.18-10.18.37:938][  0]LogInit: Texture streaming: Enabled
[2022.12.18-10.18.38:109][  0]LogAnalytics: Display: [UEEditor.Rocket.Release] APIServer = https://datarouter.ol.epicgames.com/. AppVersion = 4.27.2-18319896+++UE4+Release-4.27
[2022.12.18-10.18.38:122][  0]LogEngineSessionManager: EngineSessionManager initialized
[2022.12.18-10.18.38:122][  0]LogEditorSessionSummary: Verbose: Initializing EditorSessionSummaryWriter for editor session tracking
[2022.12.18-10.18.38:126][  0]LogEditorSessionSummary: EditorSessionSummaryWriter initialized
[2022.12.18-10.18.38:172][  0]LogInit: Transaction tracking system initialized
[2022.12.18-10.18.38:359][  0]BlueprintLog: New page: Editor Load
[2022.12.18-10.18.39:133][  0]LocalizationService: Localization service is disabled
[2022.12.18-10.18.39:942][  0]TimingProfiler: Initialize
[2022.12.18-10.18.39:942][  0]TimingProfiler: OnSessionChanged
[2022.12.18-10.18.39:942][  0]LoadingProfiler: Initialize
[2022.12.18-10.18.39:942][  0]LoadingProfiler: OnSessionChanged
[2022.12.18-10.18.39:942][  0]NetworkingProfiler: Initialize
[2022.12.18-10.18.39:942][  0]NetworkingProfiler: OnSessionChanged
[2022.12.18-10.18.39:942][  0]MemoryProfiler: Initialize
[2022.12.18-10.18.39:942][  0]MemoryProfiler: OnSessionChanged
[2022.12.18-10.18.40:909][  0]LogVSAccessor: Display: Unable to create Visual Studio setup instance: 80040154
[2022.12.18-10.18.40:909][  0]LogVSAccessor: Display: Unable to create Visual Studio setup instance: 80040154
[2022.12.18-10.18.40:910][  0]LogVSAccessor: Display: Unable to create Visual Studio setup instance: 80040154
[2022.12.18-10.18.43:617][  0]LogCook: Display: CookSettings for Memory: MemoryMaxUsedVirtual 0MiB, MemoryMaxUsedPhysical 16384MiB, MemoryMinFreeVirtual 0MiB, MemoryMinFreePhysical 1024MiB
[2022.12.18-10.18.43:617][  0]LogCook: Display: Mobile HDR setting 1
